\BOOKMARK [0][-]{chapter.1}{\376\377\000T\000o\000d\000o\000\040\000L\000i\000s\000t}{}
\BOOKMARK [0][-]{chapter.2}{\376\377\000C\000l\000a\000s\000s\000\040\000I\000n\000d\000e\000x}{}
\BOOKMARK [1][-]{section.2.1}{\376\377\000C\000l\000a\000s\000s\000\040\000L\000i\000s\000t}{chapter.2}
\BOOKMARK [0][-]{chapter.3}{\376\377\000F\000i\000l\000e\000\040\000I\000n\000d\000e\000x}{}
\BOOKMARK [1][-]{section.3.1}{\376\377\000F\000i\000l\000e\000\040\000L\000i\000s\000t}{chapter.3}
\BOOKMARK [0][-]{chapter.4}{\376\377\000C\000l\000a\000s\000s\000\040\000D\000o\000c\000u\000m\000e\000n\000t\000a\000t\000i\000o\000n}{}
\BOOKMARK [1][-]{section.4.1}{\376\377\000g\000r\000a\000f\000o\000\040\000S\000t\000r\000u\000c\000t\000\040\000R\000e\000f\000e\000r\000e\000n\000c\000e}{chapter.4}
\BOOKMARK [2][-]{subsection.4.1.1}{\376\377\000M\000e\000m\000b\000e\000r\000\040\000F\000u\000n\000c\000t\000i\000o\000n\000\040\000D\000o\000c\000u\000m\000e\000n\000t\000a\000t\000i\000o\000n}{section.4.1}
\BOOKMARK [3][-]{subsubsection.4.1.1.1}{\376\377\000a\000r\000e\000s\000t\000a}{subsection.4.1.1}
\BOOKMARK [3][-]{subsubsection.4.1.1.2}{\376\377\000b\000e\000l\000l\000m\000a\000n\000\137\000f\000o\000r\000d}{subsection.4.1.1}
\BOOKMARK [3][-]{subsubsection.4.1.1.3}{\376\377\000b\000f\000s}{subsection.4.1.1}
\BOOKMARK [3][-]{subsubsection.4.1.1.4}{\376\377\000b\000f\000s\000\137\000f\000l\000u\000x\000o}{subsection.4.1.1}
\BOOKMARK [3][-]{subsubsection.4.1.1.5}{\376\377\000d\000f\000s}{subsection.4.1.1}
\BOOKMARK [3][-]{subsubsection.4.1.1.6}{\376\377\000d\000i\000j\000k\000s\000t\000r\000a}{subsection.4.1.1}
\BOOKMARK [3][-]{subsubsection.4.1.1.7}{\376\377\000e\000d\000m\000o\000n\000d\000s\000\137\000k\000a\000r\000p}{subsection.4.1.1}
\BOOKMARK [3][-]{subsubsection.4.1.1.8}{\376\377\000i\000n\000i\000c}{subsection.4.1.1}
\BOOKMARK [3][-]{subsubsection.4.1.1.9}{\376\377\000i\000n\000v\000e\000r\000s\000o}{subsection.4.1.1}
\BOOKMARK [3][-]{subsubsection.4.1.1.10}{\376\377\000p\000r\000i\000n\000t}{subsection.4.1.1}
\BOOKMARK [2][-]{subsection.4.1.2}{\376\377\000M\000e\000m\000b\000e\000r\000\040\000D\000a\000t\000a\000\040\000D\000o\000c\000u\000m\000e\000n\000t\000a\000t\000i\000o\000n}{section.4.1}
\BOOKMARK [3][-]{subsubsection.4.1.2.1}{\376\377\000a\000d\000j}{subsection.4.1.2}
\BOOKMARK [3][-]{subsubsection.4.1.2.2}{\376\377\000b\000u\000s\000c\000a}{subsection.4.1.2}
\BOOKMARK [3][-]{subsubsection.4.1.2.3}{\376\377\000c\000a\000p}{subsection.4.1.2}
\BOOKMARK [3][-]{subsubsection.4.1.2.4}{\376\377\000d\000e\000s\000t}{subsection.4.1.2}
\BOOKMARK [3][-]{subsubsection.4.1.2.5}{\376\377\000d\000i\000s\000t}{subsection.4.1.2}
\BOOKMARK [3][-]{subsubsection.4.1.2.6}{\376\377\000f\000l\000u\000x\000o}{subsection.4.1.2}
\BOOKMARK [3][-]{subsubsection.4.1.2.7}{\376\377\000M}{subsection.4.1.2}
\BOOKMARK [3][-]{subsubsection.4.1.2.8}{\376\377\000n\000a\000d\000j}{subsection.4.1.2}
\BOOKMARK [3][-]{subsubsection.4.1.2.9}{\376\377\000n\000a\000r}{subsection.4.1.2}
\BOOKMARK [3][-]{subsubsection.4.1.2.10}{\376\377\000n\000v\000t}{subsection.4.1.2}
\BOOKMARK [3][-]{subsubsection.4.1.2.11}{\376\377\000p\000e\000s\000o}{subsection.4.1.2}
\BOOKMARK [3][-]{subsubsection.4.1.2.12}{\376\377\000p\000r\000e\000v}{subsection.4.1.2}
\BOOKMARK [3][-]{subsubsection.4.1.2.13}{\376\377\000p\000r\000e\000v\000\137\000a\000r\000e\000s\000t\000a}{subsection.4.1.2}
\BOOKMARK [3][-]{subsubsection.4.1.2.14}{\376\377\000p\000r\000e\000v\000\137\000b\000u\000s\000c\000a}{subsection.4.1.2}
\BOOKMARK [3][-]{subsubsection.4.1.2.15}{\376\377\000v\000i\000s}{subsection.4.1.2}
\BOOKMARK [0][-]{chapter.5}{\376\377\000F\000i\000l\000e\000\040\000D\000o\000c\000u\000m\000e\000n\000t\000a\000t\000i\000o\000n}{}
\BOOKMARK [1][-]{section.5.1}{\376\377\000/\000h\000o\000m\000e\000/\000t\000r\000o\000l\000l\000/\000p\000r\000o\000g\000/\000a\000l\000g\000o\000r\000i\000c\000m\000c\000/\000a\000l\000g\000o\000r\000i\000t\000h\000m\000s\000/\000g\000r\000a\000p\000h\000/\000s\000r\000c\000/\000g\000r\000a\000p\000h\000.\000c\000p\000p\000\040\000F\000i\000l\000e\000\040\000R\000e\000f\000e\000r\000e\000n\000c\000e}{chapter.5}
\BOOKMARK [2][-]{subsection.5.1.1}{\376\377\000T\000y\000p\000e\000d\000e\000f\000\040\000D\000o\000c\000u\000m\000e\000n\000t\000a\000t\000i\000o\000n}{section.5.1}
\BOOKMARK [3][-]{subsubsection.5.1.1.1}{\376\377\000W\000e\000i\000g\000h\000t}{subsection.5.1.1}
\BOOKMARK [2][-]{subsection.5.1.2}{\376\377\000V\000a\000r\000i\000a\000b\000l\000e\000\040\000D\000o\000c\000u\000m\000e\000n\000t\000a\000t\000i\000o\000n}{section.5.1}
\BOOKMARK [3][-]{subsubsection.5.1.2.1}{\376\377\000A\000R}{subsection.5.1.2}
\BOOKMARK [3][-]{subsubsection.5.1.2.2}{\376\377\000I\000N\000F\000I\000N\000I\000T\000Y}{subsection.5.1.2}
\BOOKMARK [3][-]{subsubsection.5.1.2.3}{\376\377\000V\000T}{subsection.5.1.2}
